<?xml version="1.0" encoding="UTF-8"?>
<!-- Generated by org.testng.reporters.JUnitReportReporter -->
<testsuite hostname="LAPTOP-9K9GU4S4" failures="0" tests="1" name="com.Saucedemo.SaucerMaven.SaucerProject" time="4.202" errors="0" timestamp="2022-06-28T05:35:57 IST" skipped="0">
  <testcase classname="com.Saucedemo.SaucerMaven.SaucerProject" name="Data_validation" time="4.202"/>
  <system-out/>
</testsuite> <!-- com.Saucedemo.SaucerMaven.SaucerProject -->
